9606.ENSP00000344818	0.002981383079226551
9606.ENSP00000386137	0.0016355790247591373
9606.ENSP00000323928	0.0015563608633778641
9606.ENSP00000318956	0.0015507137566007068
9606.ENSP00000340526	0.00154513417194136
9606.ENSP00000007516	0.0015413180802501248
9606.ENSP00000342560	0.0015392584279280688
9606.ENSP00000352717	0.0015387214114998458
9606.ENSP00000315011	0.001460334200639106
9606.ENSP00000417401	0.0014599190778281312
9606.ENSP00000324804	0.0014568864498075203
9606.ENSP00000333194	0.0014559106939712396
9606.ENSP00000257904	0.0014551225465911863
9606.ENSP00000261868	0.0014548347154862981
9606.ENSP00000264731	0.0014538214859654121
9606.ENSP00000266718	0.0014522344951199673
9606.ENSP00000364898	0.001450535202990689
9606.ENSP00000347965	0.0014468163452514035
9606.ENSP00000361014	0.0014444712091193843
9606.ENSP00000351466	0.0014410285288277318
9606.ENSP00000332225	0.0014404786949149945
9606.ENSP00000249041	0.001434931630420046
9606.ENSP00000339299	0.0014175270859743184
9606.ENSP00000267549	0.0014048799967276856
9606.ENSP00000307713	0.0013879014223482612
9606.ENSP00000319197	0.0013763705076159003
9606.ENSP00000222390	0.0013724290135019904
9606.ENSP00000323224	0.0013688323754175989
9606.ENSP00000337736	0.0013652726574009976
9606.ENSP00000302895	0.0013633761469706552
9606.ENSP00000378517	0.0013629303285254627
9606.ENSP00000470004	0.001362293919801713
9606.ENSP00000341885	0.0013616786354524392
9606.ENSP00000362334	0.0013616475951898392
9606.ENSP00000319166	0.0013614609193298606
9606.ENSP00000270139	0.0013613209942632334
9606.ENSP00000305011	0.0013609829965758257
9606.ENSP00000367869	0.001360650460116423
9606.ENSP00000255266	0.0013606218647443371
9606.ENSP00000263753	0.0013604489999078512
9606.ENSP00000281537	0.0013601603747381
9606.ENSP00000369553	0.0013599338842630614
9606.ENSP00000319690	0.0013599025244757275
9606.ENSP00000260402	0.001359860370021293
9606.ENSP00000305790	0.0013597672857140089
9606.ENSP00000226284	0.0013596137507294792
9606.ENSP00000296684	0.0013596089574152682
9606.ENSP00000291539	0.0013595907521907677
9606.ENSP00000317902	0.0013595713915154056
9606.ENSP00000176183	0.0013592158991367058
9606.ENSP00000329689	0.0013591843352236453
9606.ENSP00000395574	0.0013590109075314158
9606.ENSP00000353741	0.0013589018404748575
9606.ENSP00000363019	0.001358869144643785
9606.ENSP00000200181	0.0013588346607504196
9606.ENSP00000297469	0.001358830367041615
9606.ENSP00000360266	0.0013588110734406283
9606.ENSP00000328708	0.001358708568724803
9606.ENSP00000378160	0.0013586802418057012
9606.ENSP00000364152	0.0013586364265255073
9606.ENSP00000317300	0.0013585986938230489
9606.ENSP00000369647	0.0013585848484213602
9606.ENSP00000303351	0.001358533606098823
9606.ENSP00000347428	0.0013584544264459368
9606.ENSP00000243911	0.001358452411079899
9606.ENSP00000362353	0.0013584455255826995
9606.ENSP00000292644	0.00135844244580958
9606.ENSP00000344173	0.001358426144611651
9606.ENSP00000341581	0.0013584050608667691
9606.ENSP00000299766	0.0013583773377091625
9606.ENSP00000306657	0.0013583710506205147
9606.ENSP00000350198	0.0013583159522138934
9606.ENSP00000339495	0.001358267030427801
9606.ENSP00000296255	0.0013582629337725825
9606.ENSP00000364188	0.001358248945814816
9606.ENSP00000324534	0.0013582297982257883
9606.ENSP00000322823	0.0013582146330351908
9606.ENSP00000298283	0.0013581576187498827
9606.ENSP00000254950	0.0013581561821669947
9606.ENSP00000343521	0.0013581169163968464
9606.ENSP00000310305	0.0013580821534689258
9606.ENSP00000371377	0.001358047853558972
9606.ENSP00000319654	0.001358036128405841
9606.ENSP00000324491	0.0013580181704130002
9606.ENSP00000304235	0.0013580059114194159
9606.ENSP00000302422	0.0013580034492032273
9606.ENSP00000353198	0.0013580003931942092
9606.ENSP00000360621	0.001357980960807055
9606.ENSP00000346611	0.0013579518942194054
9606.ENSP00000342697	0.0013579448106326472
9606.ENSP00000452454	0.0013579294958293343
9606.ENSP00000348449	0.0013579085445951358
9606.ENSP00000216797	0.0013579038658733148
9606.ENSP00000364164	0.0013578854200228644
9606.ENSP00000013034	0.0013578851844819328
9606.ENSP00000295901	0.0013577925167140975
9606.ENSP00000337915	0.0013577727426043414
9606.ENSP00000275216	0.001357710080123004
9606.ENSP00000381097	0.0013576463509343876
9606.ENSP00000342889	0.0013576200460915574
9606.ENSP00000333433	0.0013576176549858373
9606.ENSP00000302867	0.0013575201934556168
9606.ENSP00000344314	0.00135740100578103
9606.ENSP00000358963	0.0013568414461659051
9606.ENSP00000343054	0.0013568178266770586
9606.ENSP00000250559	0.0013568125680587198
9606.ENSP00000330787	0.001356718187489455
9606.ENSP00000341189	0.001356703704519332
9606.ENSP00000274063	0.0013566282948247398
9606.ENSP00000264883	0.0013565873433398251
9606.ENSP00000356033	0.0013564993527778936
9606.ENSP00000357858	0.001356311324838323
9606.ENSP00000289746	0.0013558560299824923
9606.ENSP00000338157	0.0013557593401712549
9606.ENSP00000261714	0.0013553259670548233
9606.ENSP00000313007	0.0013552990681307093
9606.ENSP00000262803	0.0013549132593614912
9606.ENSP00000283249	0.0013542592991453402
9606.ENSP00000386796	0.0013540159396168948
9606.ENSP00000351755	0.001353500810698273
9606.ENSP00000217305	0.00134031852706924
9606.ENSP00000355523	0.0013397847318171315
9606.ENSP00000349320	0.0013322779044324018
9606.ENSP00000359532	0.0013313334876478157
9606.ENSP00000307130	0.0013312145396425245
9606.ENSP00000226021	0.0013300642146429256
9606.ENSP00000285600	0.0013286590081607074
9606.ENSP00000349930	0.001327933535804892
9606.ENSP00000300773	0.0013277244845168543
9606.ENSP00000311405	0.0013274250689138264
9606.ENSP00000308764	0.0013270196941672769
9606.ENSP00000373169	0.0013256068591600211
9606.ENSP00000256010	0.0013247887929671949
9606.ENSP00000240139	0.0013217126890069165
9606.ENSP00000303909	0.0013183010363526048
9606.ENSP00000277942	0.0013159370196501833
9606.ENSP00000381105	0.0013158346312053633
9606.ENSP00000351132	0.0013151065024964563
9606.ENSP00000363913	0.001312030831394759
9606.ENSP00000301532	0.0013118299859750631
9606.ENSP00000378492	0.001311685775364856
9606.ENSP00000308595	0.0013114643730198858
9606.ENSP00000305651	0.001310412609783517
9606.ENSP00000184266	0.001309224915339119
9606.ENSP00000259357	0.0013084532966901282
9606.ENSP00000311477	0.001308236360020608
9606.ENSP00000323423	0.0013062327241260081
9606.ENSP00000233627	0.0013060640220495944
9606.ENSP00000256379	0.0013060347566522545
9606.ENSP00000279791	0.0013054360300688579
9606.ENSP00000343062	0.0013053225905059408
9606.ENSP00000373196	0.0013018196489348105
9606.ENSP00000333685	0.001300960379736534
9606.ENSP00000005284	0.0012975482101366827
9606.ENSP00000305970	0.0012945816856635315
9606.ENSP00000305422	0.0012937203387079737
9606.ENSP00000305640	0.0012936205518712994
9606.ENSP00000353537	0.0012935915425104018
9606.ENSP00000357126	0.0012932898454455237
9606.ENSP00000320302	0.0012931624773590321
9606.ENSP00000387523	0.0012931545063974723
9606.ENSP00000323952	0.0012931346773176046
9606.ENSP00000333724	0.001292967635450697
9606.ENSP00000344040	0.0012924314348564672
9606.ENSP00000251871	0.0012917738238091144
9606.ENSP00000322801	0.001291172415268621
9606.ENSP00000420821	0.0012900096150327116
9606.ENSP00000417281	0.001289544209657333
9606.ENSP00000293330	0.0012855635186823239
9606.ENSP00000345731	0.0012850064631874404
9606.ENSP00000393539	0.0012836417172560287
9606.ENSP00000279230	0.0012819185614554168
9606.ENSP00000334721	0.0012780416691716581
9606.ENSP00000345563	0.0012759372543511818
9606.ENSP00000369573	0.001255924633783723
9606.ENSP00000334441	0.0012538830172257498
9606.ENSP00000318997	0.0012470634332509467
9606.ENSP00000322866	0.0012462319962546322
9606.ENSP00000367664	0.0012413775980372763
9606.ENSP00000444054	0.0012134404509906575
9606.ENSP00000432417	0.0012011417187493918
9606.ENSP00000314324	0.0011895876377082878
9606.ENSP00000219313	0.0011862396204033216
9606.ENSP00000369050	0.0011862396204033216
9606.ENSP00000310260	0.0011862396204033216
9606.ENSP00000336914	0.0011862396204033216
9606.ENSP00000263073	0.0011862396204033216
9606.ENSP00000252456	0.0011862396204033216
9606.ENSP00000316054	0.0011862396204033216
9606.ENSP00000341821	0.0011862396204033216
9606.ENSP00000392859	0.0011862396204033216
9606.ENSP00000218089	0.0011862396204033216
9606.ENSP00000293549	0.0011862396204033216
9606.ENSP00000228534	0.0011862396204033216
9606.ENSP00000288840	0.0011862396204033216
9606.ENSP00000287878	0.0011862396204033216
9606.ENSP00000337949	0.0011862396204033216
9606.ENSP00000358140	0.0011862396204033216
9606.ENSP00000203556	0.0011862396204033216
9606.ENSP00000397259	0.0011862396204033216
9606.ENSP00000319254	0.0011862396204033216
9606.ENSP00000430432	0.0011862396204033216
9606.ENSP00000435416	0.0011862396204033216
9606.ENSP00000368664	0.0011862396204033216
9606.ENSP00000209540	0.0011862396204033216
9606.ENSP00000257290	0.0011862396204033216
9606.ENSP00000302160	0.0011862396204033216
9606.ENSP00000265171	0.0011862396204033216
9606.ENSP00000219833	0.0011862396204033216
9606.ENSP00000292599	0.0011862396204033216
9606.ENSP00000330382	0.0011862396204033216
9606.ENSP00000307726	0.0011862396204033216
9606.ENSP00000363055	0.0011862396204033216
9606.ENSP00000462023	0.0011862396204033216
9606.ENSP00000263923	0.0011862396204033216
9606.ENSP00000310668	0.0011862396204033216
9606.ENSP00000339095	0.0011862396204033216
9606.ENSP00000264463	0.0011862396204033216
9606.ENSP00000389160	0.0011862396204033216
9606.ENSP00000265354	0.0011862396204033216
9606.ENSP00000316955	0.0011862396204033216
9606.ENSP00000360317	0.0011862396204033216
9606.ENSP00000358301	0.0011862396204033216
9606.ENSP00000419782	0.0011862396204033216
9606.ENSP00000215375	0.0011862396204033216
9606.ENSP00000322909	0.0011862396204033216
9606.ENSP00000448012	0.0011862396204033216
9606.ENSP00000315702	0.0011862396204033216
9606.ENSP00000369703	0.0011862396204033216
9606.ENSP00000372112	0.0011862396204033216
9606.ENSP00000466933	0.0011862396204033216
9606.ENSP00000356713	0.0011862396204033216
9606.ENSP00000256897	0.0011862396204033216
9606.ENSP00000364119	0.0011862396204033216
9606.ENSP00000238682	0.0011862396204033216
9606.ENSP00000356785	0.0011862396204033216
9606.ENSP00000332659	0.0011862396204033216
9606.ENSP00000376506	0.0011862396204033216
9606.ENSP00000380779	0.0011862396204033216
9606.ENSP00000338990	0.0011862396204033216
9606.ENSP00000386174	0.0011862396204033216
9606.ENSP00000001146	0.0011862396204033216
9606.ENSP00000359370	0.0011862396204033216
9606.ENSP00000249284	0.0011862396204033216
9606.ENSP00000286063	0.0011862396204033216
9606.ENSP00000339393	0.0011862396204033216
9606.ENSP00000355261	0.0011862396204033216
9606.ENSP00000454303	0.0011862396204033216
9606.ENSP00000327315	0.0011862396204033216
9606.ENSP00000348205	0.0011862396204033216
9606.ENSP00000295266	0.0011862396204033216
9606.ENSP00000244174	0.0011862396204033216
9606.ENSP00000441600	0.0011862396204033216
9606.ENSP00000346768	0.0011862396204033216
9606.ENSP00000277541	0.0011862396204033216
9606.ENSP00000364979	0.0011862396204033216
9606.ENSP00000244051	0.0011862396204033216
9606.ENSP00000369157	0.0011862396204033216
9606.ENSP00000347408	0.0011862396204033216
9606.ENSP00000338185	0.0011862396204033216
9606.ENSP00000242317	0.0011862396204033216
9606.ENSP00000263674	0.0011862396204033216
9606.ENSP00000470609	0.0011862396204033216
9606.ENSP00000256906	0.0011862396204033216
9606.ENSP00000377969	0.0011862396204033216
9606.ENSP00000403852	0.0011862396204033216
9606.ENSP00000362121	0.0011862396204033216
9606.ENSP00000265433	0.0011862396204033216
9606.ENSP00000401706	0.0011862396204033216
9606.ENSP00000249647	0.0011862396204033216
9606.ENSP00000344936	0.0011862396204033216
9606.ENSP00000330341	0.0011862396204033216
9606.ENSP00000363397	0.0011862396204033216
9606.ENSP00000339007	0.0011862396204033216
9606.ENSP00000356918	0.0011862396204033216
9606.ENSP00000322175	0.0011862396204033216
9606.ENSP00000322593	0.0011862396204033216
9606.ENSP00000376652	0.0011862396204033216
9606.ENSP00000358335	0.0011862396204033216
9606.ENSP00000353099	0.0011862396204033216
9606.ENSP00000248058	0.0011862396204033216
9606.ENSP00000362014	0.0011862396204033216
9606.ENSP00000273854	0.0011862396204033216
9606.ENSP00000369889	0.0011862396204033216
9606.ENSP00000369375	0.0011862396204033216
9606.ENSP00000262188	0.0011862396204033216
9606.ENSP00000356448	0.0011862396204033216
9606.ENSP00000005386	0.0011862396204033216
9606.ENSP00000215793	0.0011862396204033216
9606.ENSP00000310301	0.0011862396204033216
9606.ENSP00000446880	0.0011862396204033216
9606.ENSP00000324251	0.0011862396204033216
9606.ENSP00000362442	0.0011862396204033216
9606.ENSP00000351520	0.0011862396204033216
9606.ENSP00000377640	0.0011862396204033216
9606.ENSP00000312326	0.0011862396204033216
9606.ENSP00000423673	0.0011862396204033216
9606.ENSP00000334105	0.0011862396204033216
9606.ENSP00000367208	0.0011862396204033216
9606.ENSP00000349960	0.0011862396204033216
9606.ENSP00000418082	0.0011862396204033216
9606.ENSP00000358786	0.0011862396204033216
9606.ENSP00000361290	0.0011862396204033216
9606.ENSP00000311038	0.0011862396204033216
9606.ENSP00000303864	0.0011862396204033216
9606.ENSP00000329991	0.0011862396204033216
9606.ENSP00000341551	0.0011862396204033216
9606.ENSP00000291231	0.0011862396204033216
9606.ENSP00000271452	0.0011862396204033216
9606.ENSP00000428209	0.0011862396204033216
9606.ENSP00000298902	0.0011862396204033216
9606.ENSP00000265686	0.0011862396204033216
9606.ENSP00000323929	0.0011862396204033216
9606.ENSP00000339428	0.0011862396204033216
9606.ENSP00000264818	0.0011862396204033216
9606.ENSP00000359583	0.0011862396204033216
9606.ENSP00000220003	0.0011862396204033216
9606.ENSP00000458021	0.0011862396204033216
9606.ENSP00000282007	0.0011862396204033216
9606.ENSP00000265388	0.0011862396204033216
9606.ENSP00000253339	0.0011862396204033216
9606.ENSP00000456711	0.0011862396204033216
9606.ENSP00000362401	0.0011862396204033216
9606.ENSP00000370744	0.0011862396204033216
9606.ENSP00000340330	0.0011862396204033216
9606.ENSP00000343819	0.0011862396204033216
9606.ENSP00000308312	0.0011862396204033216
9606.ENSP00000216297	0.0011862396204033216
9606.ENSP00000359024	0.0011862396204033216
9606.ENSP00000308334	0.0011862396204033216
9606.ENSP00000304767	0.0011862396204033216
9606.ENSP00000368169	0.0011862396204033216
9606.ENSP00000223321	0.0011862396204033216
9606.ENSP00000433290	0.0011862396204033216
9606.ENSP00000269886	0.0011862396204033216
9606.ENSP00000353344	0.0011862396204033216
9606.ENSP00000263207	0.0011862396204033216
9606.ENSP00000019317	0.0011862396204033216
9606.ENSP00000234389	0.0011862396204033216
9606.ENSP00000384515	0.0011862396204033216
9606.ENSP00000316357	0.0011862396204033216
9606.ENSP00000347858	0.0011862396204033216
9606.ENSP00000310129	0.0011862396204033216
9606.ENSP00000310649	0.0011862396204033216
9606.ENSP00000364995	0.0011862396204033216
9606.ENSP00000301019	0.0011862396204033216
9606.ENSP00000305207	0.0011862396204033216
9606.ENSP00000380427	0.0011862396204033216
9606.ENSP00000362068	0.0011862396204033216
9606.ENSP00000227163	0.0011862396204033216
9606.ENSP00000313661	0.0011862396204033216
9606.ENSP00000343741	0.0011862396204033216
9606.ENSP00000428924	0.0011862396204033216
9606.ENSP00000321259	0.0011862396204033216
9606.ENSP00000298852	0.0011862396204033216
9606.ENSP00000284669	0.0011862396204033216
9606.ENSP00000310127	0.0011862396204033216
9606.ENSP00000374455	0.0011862396204033216
9606.ENSP00000302640	0.0011862396204033216
9606.ENSP00000344055	0.0011862396204033216
9606.ENSP00000293813	0.0011862396204033216
9606.ENSP00000358548	0.0011862396204033216
9606.ENSP00000360525	0.0011862396204033216
9606.ENSP00000359643	0.0011862396204033216
9606.ENSP00000335544	0.0011862396204033216
9606.ENSP00000295600	0.0011862396204033216
9606.ENSP00000361850	0.0011862396204033216
9606.ENSP00000326630	0.0011862396204033216
9606.ENSP00000349575	0.0011862396204033216
9606.ENSP00000281453	0.0011862396204033216
9606.ENSP00000314151	0.0011862396204033216
9606.ENSP00000307272	0.0011862396204033216
9606.ENSP00000318861	0.0011862396204033216
9606.ENSP00000320038	0.0011862396204033216
9606.ENSP00000380153	0.0011862396204033216
9606.ENSP00000386151	0.0011862396204033216
9606.ENSP00000357516	0.0011862396204033216
9606.ENSP00000286548	0.0011862396204033216
9606.ENSP00000337450	0.0011862396204033216
9606.ENSP00000158166	0.0011862396204033216
9606.ENSP00000246533	0.0011862396204033216
9606.ENSP00000426120	0.0011862396204033216
9606.ENSP00000334563	0.0011862396204033216
9606.ENSP00000304895	0.0011862396204033216
9606.ENSP00000365840	0.0011862396204033216
9606.ENSP00000311688	0.0011862396204033216
9606.ENSP00000355046	0.0011862396204033216
9606.ENSP00000393583	0.0011862396204033216
9606.ENSP00000294785	0.0011862396204033216
9606.ENSP00000362824	0.0011862396204033216
9606.ENSP00000335596	0.0011862396204033216
9606.ENSP00000354633	0.0011862396204033216
9606.ENSP00000342008	0.0011862396204033216
9606.ENSP00000335153	0.0011862396204033216
9606.ENSP00000265838	0.0011862396204033216
9606.ENSP00000468389	0.0011862396204033216
9606.ENSP00000314444	0.0011862396204033216
9606.ENSP00000369960	0.0011862396204033216
9606.ENSP00000259631	0.0011862396204033216
9606.ENSP00000321729	0.0011862396204033216
9606.ENSP00000304669	0.0011862396204033216
9606.ENSP00000244020	0.0011862396204033216
9606.ENSP00000333275	0.0011862396204033216
9606.ENSP00000377941	0.0011862396204033216
9606.ENSP00000323853	0.0011862396204033216
9606.ENSP00000355051	0.0011862396204033216
9606.ENSP00000156825	0.0011862396204033216
9606.ENSP00000322435	0.0011862396204033216
9606.ENSP00000352839	0.0011862396204033216
9606.ENSP00000332766	0.0011862396204033216
9606.ENSP00000272645	0.0011862396204033216
9606.ENSP00000371308	0.0011862396204033216
9606.ENSP00000224764	0.0011862396204033216
9606.ENSP00000360777	0.0011862396204033216
9606.ENSP00000269141	0.0011862396204033216
9606.ENSP00000249071	0.0011862396204033216
9606.ENSP00000366061	0.0011862396204033216
9606.ENSP00000248598	0.0011862396204033216
9606.ENSP00000354609	0.0011862396204033216
9606.ENSP00000326259	0.0011862396204033216
9606.ENSP00000261837	0.0011862396204033216
9606.ENSP00000438788	0.0011862396204033216
9606.ENSP00000298440	0.0011862396204033216
9606.ENSP00000257430	0.0011862396204033216
9606.ENSP00000387006	0.0011862396204033216
9606.ENSP00000355465	0.0011862396204033216
9606.ENSP00000247879	0.0011862396204033216
9606.ENSP00000221419	0.0011862396204033216
9606.ENSP00000292035	0.0011862396204033216
9606.ENSP00000265717	0.0011862396204033216
9606.ENSP00000292614	0.0011862396204033216
9606.ENSP00000272644	0.0011862396204033216
9606.ENSP00000215832	0.0011862396204033216
9606.ENSP00000452126	0.0011862396204033216
9606.ENSP00000290015	0.0011862396204033216
9606.ENSP00000325690	0.0011862396204033216
9606.ENSP00000416683	0.0011862396204033216
9606.ENSP00000319071	0.0011862396204033216
9606.ENSP00000302606	0.0011862396204033216
9606.ENSP00000352710	0.0011862396204033216
9606.ENSP00000386884	0.0011862396204033216
9606.ENSP00000349465	0.0011862396204033216
9606.ENSP00000300651	0.0011862396204033216
9606.ENSP00000367629	0.0011862396204033216
9606.ENSP00000469468	0.0011862396204033216
9606.ENSP00000320935	0.0011862396204033216
9606.ENSP00000412752	0.0011862396204033216
9606.ENSP00000283225	0.0011862396204033216
9606.ENSP00000275517	0.0011862396204033216
9606.ENSP00000270586	0.0011862396204033216
9606.ENSP00000332816	0.0011862396204033216
9606.ENSP00000239849	0.0011862396204033216
9606.ENSP00000307288	0.0011862396204033216
9606.ENSP00000302665	0.0011862396204033216
9606.ENSP00000326349	0.0011862396204033216
9606.ENSP00000293362	0.0011862396204033216
9606.ENSP00000375956	0.0011862396204033216
9606.ENSP00000326031	0.0011862396204033216
9606.ENSP00000258301	0.0011862396204033216
9606.ENSP00000247001	0.0011862396204033216
9606.ENSP00000316779	0.0011862396204033216
9606.ENSP00000429931	0.0011862396204033216
9606.ENSP00000309818	0.0011862396204033216
9606.ENSP00000314214	0.0011862396204033216
9606.ENSP00000248846	0.0011862396204033216
9606.ENSP00000242465	0.0011862396204033216
9606.ENSP00000325203	0.0011862396204033216
9606.ENSP00000401303	0.0011862396204033216
9606.ENSP00000312122	0.0011862396204033216
9606.ENSP00000332973	0.0011862396204033216
9606.ENSP00000216455	0.0011862396204033216
9606.ENSP00000264497	0.0011862396204033216
9606.ENSP00000263754	0.0011862396204033216
9606.ENSP00000343027	0.0011862396204033216
9606.ENSP00000262407	0.0011862396204033216
9606.ENSP00000355536	0.0011862396204033216
9606.ENSP00000262719	0.0011862396204033216
9606.ENSP00000412897	0.0011862396204033216
9606.ENSP00000369689	0.0011862396204033216
9606.ENSP00000347498	0.0011862396204033216
9606.ENSP00000339109	0.0011862396204033216
9606.ENSP00000354677	0.0011862396204033216
9606.ENSP00000262061	0.0011862396204033216
9606.ENSP00000253055	0.0011862396204033216
9606.ENSP00000215829	0.0011862396204033216
9606.ENSP00000340896	0.0011862396204033216
9606.ENSP00000322524	0.0011862396204033216
9606.ENSP00000351211	0.0011862396204033216
9606.ENSP00000371897	0.0011862396204033216
9606.ENSP00000221418	0.0011862396204033216
9606.ENSP00000222247	0.0011862396204033216
9606.ENSP00000238994	0.0011862396204033216
9606.ENSP00000296641	0.0011862396204033216
9606.ENSP00000254942	0.0011862396204033216
9606.ENSP00000314458	0.0011862396204033216
9606.ENSP00000222212	0.0011862396204033216
9606.ENSP00000379891	0.0011862396204033216
9606.ENSP00000354901	0.0011862396204033216
9606.ENSP00000222139	0.0011862396204033216
9606.ENSP00000370031	0.0011862396204033216
9606.ENSP00000357907	0.0011862396204033216
9606.ENSP00000225426	0.0011862396204033216
9606.ENSP00000365451	0.0011862396204033216
9606.ENSP00000433415	0.0011862396204033216
9606.ENSP00000361636	0.0011862396204033216
9606.ENSP00000261531	0.0011862396204033216
9606.ENSP00000325146	0.0011862396204033216
9606.ENSP00000358784	0.0011862396204033216
9606.ENSP00000302437	0.0011862396204033216
9606.ENSP00000360916	0.0011862396204033216
9606.ENSP00000345206	0.0011862396204033216
9606.ENSP00000264634	0.0011862396204033216
9606.ENSP00000216133	0.0011862396204033216
9606.ENSP00000344468	0.0011862396204033216
9606.ENSP00000385616	0.0011862396204033216
9606.ENSP00000254436	0.0011862396204033216
9606.ENSP00000362463	0.0011862396204033216
9606.ENSP00000386209	0.0011862396204033216
9606.ENSP00000324583	0.0011862396204033216
9606.ENSP00000388107	0.0011862396204033216
9606.ENSP00000263384	0.0011862396204033216
9606.ENSP00000325376	0.0011862396204033216
9606.ENSP00000310773	0.0011862396204033216
9606.ENSP00000358698	0.0011862396204033216
9606.ENSP00000264071	0.0011862396204033216
9606.ENSP00000284981	0.0011862396204033216
9606.ENSP00000243878	0.0011862396204033216
9606.ENSP00000295797	0.0011862396204033216
9606.ENSP00000346050	0.0011862396204033216
9606.ENSP00000301825	0.0011862396204033216
9606.ENSP00000227665	0.0011862396204033216
9606.ENSP00000302199	0.0011862396204033216
9606.ENSP00000383840	0.0011862396204033216
9606.ENSP00000338934	0.0011862396204033216
9606.ENSP00000359848	0.0011862396204033216
9606.ENSP00000290649	0.0011862396204033216
9606.ENSP00000341538	0.0011862396204033216
9606.ENSP00000257934	0.0011862396204033216
9606.ENSP00000369558	0.0011862396204033216
9606.ENSP00000434995	0.0011862396204033216
9606.ENSP00000014930	0.0011862396204033216
9606.ENSP00000334934	0.0011862396204033216
9606.ENSP00000346300	0.0011862396204033216
9606.ENSP00000295683	0.0011862396204033216
9606.ENSP00000323714	0.0011862396204033216
9606.ENSP00000348602	0.0011862396204033216
9606.ENSP00000293805	0.0011862396204033216
9606.ENSP00000337825	0.0011862396204033216
9606.ENSP00000363804	0.0011862396204033216
9606.ENSP00000303830	0.0011862396204033216
9606.ENSP00000349168	0.0011862396204033216
9606.ENSP00000378295	0.0011862396204033216
9606.ENSP00000358099	0.0011862396204033216
9606.ENSP00000309757	0.0011862396204033216
9606.ENSP00000437940	0.0011862396204033216
9606.ENSP00000265038	0.0011862396204033216
9606.ENSP00000261655	0.0011862396204033216
9606.ENSP00000297044	0.0011862396204033216
9606.ENSP00000303686	0.0011862396204033216
9606.ENSP00000270202	0.0011862396204033216
9606.ENSP00000369293	0.0011862396204033216
9606.ENSP00000376633	0.0011862396204033216
9606.ENSP00000221114	0.0011862396204033216
9606.ENSP00000319169	0.0011862396204033216
9606.ENSP00000251047	0.0011862396204033216
9606.ENSP00000323354	0.0011862396204033216
9606.ENSP00000368989	0.0011862396204033216
9606.ENSP00000247668	0.0011862396204033216
9606.ENSP00000386160	0.0011862396204033216
9606.ENSP00000259089	0.0011862396204033216
9606.ENSP00000384330	0.0011862396204033216
9606.ENSP00000321345	0.0011862396204033216
9606.ENSP00000336775	0.0011862396204033216
9606.ENSP00000334458	0.0011862396204033216
9606.ENSP00000360671	0.0011862396204033216
9606.ENSP00000350937	0.0011862396204033216
9606.ENSP00000267012	0.0011862396204033216
9606.ENSP00000285968	0.0011862396204033216
9606.ENSP00000234961	0.0011862396204033216
9606.ENSP00000308361	0.0011862396204033216
9606.ENSP00000364524	0.0011862396204033216
9606.ENSP00000298642	0.0011862396204033216
9606.ENSP00000268712	0.0011862396204033216
9606.ENSP00000346265	0.0011862396204033216
9606.ENSP00000307734	0.0011862396204033216
9606.ENSP00000304350	0.0011862396204033216
9606.ENSP00000386212	0.0011862396204033216
9606.ENSP00000329357	0.0011862396204033216
9606.ENSP00000332504	0.0011862396204033216
9606.ENSP00000362792	0.0011862396204033216
9606.ENSP00000310244	0.0011862396204033216
9606.ENSP00000266970	0.0011862396204033216
9606.ENSP00000366829	0.0011862396204033216
9606.ENSP00000262030	0.0011862396204033216
9606.ENSP00000391457	0.0011862396204033216
9606.ENSP00000226225	0.0011862396204033216
9606.ENSP00000369681	0.0011862396204033216
9606.ENSP00000270625	0.0011862396204033216
9606.ENSP00000362592	0.0011862396204033216
9606.ENSP00000233813	0.0011862396204033216
9606.ENSP00000263202	0.0011862396204033216
9606.ENSP00000306099	0.0011862396204033216
9606.ENSP00000354945	0.0011862396204033216
9606.ENSP00000352918	0.0011862396204033216
9606.ENSP00000394227	0.0011862396204033216
9606.ENSP00000286621	0.0011862396204033216
9606.ENSP00000307766	0.0011862396204033216
9606.ENSP00000368349	0.0011862396204033216
9606.ENSP00000306138	0.0011862396204033216
9606.ENSP00000420295	0.0011862396204033216
9606.ENSP00000242152	0.0011862396204033216
9606.ENSP00000302625	0.0011862396204033216
9606.ENSP00000418081	0.0011862396204033216
9606.ENSP00000265963	0.0011862396204033216
9606.ENSP00000261558	0.0011862396204033216
9606.ENSP00000361882	0.0011862396204033216
9606.ENSP00000364737	0.0011862396204033216
9606.ENSP00000294117	0.0011862396204033216
9606.ENSP00000254976	0.0011862396204033216
9606.ENSP00000260356	0.0011862396204033216
9606.ENSP00000306361	0.0011862396204033216
9606.ENSP00000358737	0.0011862396204033216
9606.ENSP00000262173	0.0011862396204033216
9606.ENSP00000217893	0.0011862396204033216
9606.ENSP00000331103	0.0011862396204033216
9606.ENSP00000272298	0.0011862396204033216
9606.ENSP00000402084	0.0011862396204033216
9606.ENSP00000263974	0.0011862396204033216
9606.ENSP00000328968	0.0011862396204033216
9606.ENSP00000269554	0.0011862396204033216
9606.ENSP00000376436	0.0011862396204033216
9606.ENSP00000348775	0.0011862396204033216
9606.ENSP00000336666	0.0011862396204033216
9606.ENSP00000435096	0.0011862396204033216
9606.ENSP00000299855	0.0011862396204033216
9606.ENSP00000359305	0.0011862396204033216
9606.ENSP00000302936	0.0011862396204033216
9606.ENSP00000354800	0.0011862396204033216
9606.ENSP00000276689	0.0011862396204033216
9606.ENSP00000350256	0.0011862396204033216
9606.ENSP00000298316	0.0011862396204033216
9606.ENSP00000287907	0.0011862396204033216
9606.ENSP00000350491	0.0011862396204033216
9606.ENSP00000377783	0.0011862396204033216
9606.ENSP00000312126	0.0011862396204033216
9606.ENSP00000353622	0.0011862396204033216
9606.ENSP00000241416	0.0011862396204033216
9606.ENSP00000356793	0.0011862396204033216
9606.ENSP00000310561	0.0011862396204033216
9606.ENSP00000314520	0.0011862396204033216
9606.ENSP00000348849	0.0011862396204033216
9606.ENSP00000339328	0.0011862396204033216
9606.ENSP00000230882	0.0011862396204033216
9606.ENSP00000221859	0.0011862396204033216
9606.ENSP00000462116	0.0011862396204033216
9606.ENSP00000202773	0.0011862396204033216
9606.ENSP00000267163	0.0011862396204033216
9606.ENSP00000377527	0.0011862396204033216
9606.ENSP00000328547	0.0011862396204033216
9606.ENSP00000402697	0.0011862396204033216
9606.ENSP00000324831	0.0011862396204033216
9606.ENSP00000384774	0.0011862396204033216
9606.ENSP00000332110	0.0011862396204033216
9606.ENSP00000366563	0.0011862396204033216
9606.ENSP00000339826	0.0011862396204033216
9606.ENSP00000273550	0.0011862396204033216
9606.ENSP00000362195	0.0011862396204033216
9606.ENSP00000312735	0.0011862396204033216
9606.ENSP00000419361	0.0011862396204033216
9606.ENSP00000233668	0.0011862396204033216
9606.ENSP00000317357	0.0011862396204033216
9606.ENSP00000333657	0.0011862396204033216
9606.ENSP00000405620	0.0011862396204033216
9606.ENSP00000404121	0.0011862396204033216
9606.ENSP00000327758	0.0011862396204033216
9606.ENSP00000368990	0.0011862396204033216
9606.ENSP00000412922	0.0011862396204033216
9606.ENSP00000229390	0.0011862396204033216
9606.ENSP00000312995	0.0011862396204033216
9606.ENSP00000235090	0.0011862396204033216
9606.ENSP00000290663	0.0011862396204033216
9606.ENSP00000258648	0.0011862396204033216
9606.ENSP00000206513	0.0011862396204033216
9606.ENSP00000362399	0.0011862396204033216
9606.ENSP00000327724	0.0011862396204033216
9606.ENSP00000354837	0.0011862396204033216
9606.ENSP00000321584	0.0011862396204033216
9606.ENSP00000261402	0.0011862396204033216
9606.ENSP00000357393	0.0011862396204033216
9606.ENSP00000265641	0.0011862396204033216
9606.ENSP00000380888	0.0011862396204033216
9606.ENSP00000348461	0.0011862396204033216
9606.ENSP00000234371	0.0011862396204033216
9606.ENSP00000393840	0.0011862396204033216
9606.ENSP00000264932	0.0011862396204033216
9606.ENSP00000277216	0.0011862396204033216
9606.ENSP00000263025	0.0011862396204033216
9606.ENSP00000258962	0.0011862396204033216
9606.ENSP00000320940	0.0011862396204033216
9606.ENSP00000413496	0.0011862396204033216
9606.ENSP00000364893	0.0011862396204033216
9606.ENSP00000324074	0.0011862396204033216
9606.ENSP00000268607	0.0011862396204033216
9606.ENSP00000398391	0.0011862396204033216
9606.ENSP00000262193	0.0011862396204033216
9606.ENSP00000380184	0.0011862396204033216
9606.ENSP00000225842	0.0011862396204033216
9606.ENSP00000262127	0.0011862396204033216
9606.ENSP00000354927	0.0011862396204033216
9606.ENSP00000260585	0.0011862396204033216
9606.ENSP00000405574	0.0011862396204033216
9606.ENSP00000351706	0.0011862396204033216
9606.ENSP00000341987	0.0011862396204033216
9606.ENSP00000216190	0.0011862396204033216
9606.ENSP00000280155	0.0011862396204033216
9606.ENSP00000296028	0.0011862396204033216
9606.ENSP00000335062	0.0011862396204033216
9606.ENSP00000342952	0.0011862396204033216
9606.ENSP00000217133	0.0011862396204033216
9606.ENSP00000311127	0.0011862396204033216
9606.ENSP00000240093	0.0011862396204033216
9606.ENSP00000407401	0.0011862396204033216
9606.ENSP00000355206	0.0011862396204033216
9606.ENSP00000290472	0.0011862396204033216
9606.ENSP00000326232	0.0011844630470766587
9606.ENSP00000246549	0.0011828692635985677
9606.ENSP00000369729	0.0011580396715140382
9606.ENSP00000353988	0.0011577606394023218
9606.ENSP00000431914	0.001153389882975135
9606.ENSP00000312470	0.0011533446376498502
9606.ENSP00000399078	0.0011502220631432894
9606.ENSP00000342836	0.00114875219257181
9606.ENSP00000332473	0.001142784603077065
9606.ENSP00000349719	0.0011381002902320116
9606.ENSP00000332549	0.001109302983023033
9606.ENSP00000330280	0.0011063347772385752
9606.ENSP00000318834	0.001102800938128473
9606.ENSP00000306688	0.0010970189476680263
9606.ENSP00000288139	0.0010933224948120924
9606.ENSP00000375893	0.0010913271473257942
9606.ENSP00000217964	0.0010855534800768586
9606.ENSP00000335575	0.0010821498111038264
9606.ENSP00000304077	0.0010801828853401305
9606.ENSP00000380155	0.001079905570202141
9606.ENSP00000386195	0.0010794272575570896
9606.ENSP00000303469	0.00107932567081178
9606.ENSP00000352604	0.0010793158270450038
9606.ENSP00000299459	0.0010791067012930694
9606.ENSP00000335535	0.0010790009246833805
9606.ENSP00000432011	0.001078216418312057
9606.ENSP00000326718	0.001077054569577309
9606.ENSP00000350248	0.0010727824773235516
9606.ENSP00000321447	0.0010704045320390821
9606.ENSP00000268668	0.0010694961595022151
9606.ENSP00000436714	0.0010674159612227014
9606.ENSP00000308541	0.0010620202620111913
9606.ENSP00000425446	0.0010615964210750593
9606.ENSP00000309052	0.0010531008252661306
9606.ENSP00000301529	0.0010465878926834266
9606.ENSP00000319217	0.0010440836773977936
9606.ENSP00000353343	0.0010440669927929773
﻿9606.ENSP00000319690	0.0010401036320972213
9606.ENSP00000410818	0.0010397878121249768
9606.ENSP00000339527	0.0010382552292532126
9606.ENSP00000358022	0.0010380501225377634
9606.ENSP00000355958	0.0010378213878832105
9606.ENSP00000384823	0.0010360308748170947
9606.ENSP00000283006	0.0010358247531835404
9606.ENSP00000355599	0.0010352734709296518
9606.ENSP00000344456	0.001035019866831644
9606.ENSP00000250495	0.00103495441218915
9606.ENSP00000166345	0.0010343096760992642
9606.ENSP00000370222	0.0010343007480699824
9606.ENSP00000362795	0.0010246412080363312
9606.ENSP00000299454	0.0010206826123805549
9606.ENSP00000352121	0.001015528744637201
9606.ENSP00000303151	0.000984079728727629
9606.ENSP00000379098	0.0009288527338362981
9606.ENSP00000310788	0.0009130310644028225
9606.ENSP00000405095	0.0008845998314656109
9606.ENSP00000299727	0.0008718087524558498
9606.ENSP00000369559	0.0008427191134315897
9606.ENSP00000308714	0.0008426934002179835
9606.ENSP00000325682	0.0008426768213847094
9606.ENSP00000353915	0.0008425563700070627
9606.ENSP00000272317	0.0008425445086299704
9606.ENSP00000263967	0.0008425389041767564
9606.ENSP00000261245	0.0008425223349528309
9606.ENSP00000350222	0.0008424856137809511
9606.ENSP00000005340	0.0008424838986862892
9606.ENSP00000309565	0.0008423917163052437
9606.ENSP00000377892	0.0008423642321561335
9606.ENSP00000215885	0.0008423474247826637
9606.ENSP00000349945	0.0008423196241314072
9606.ENSP00000358783	0.000842292323404024
9606.ENSP00000294016	0.0008422866628532934
9606.ENSP00000345156	0.0008422069816225673
9606.ENSP00000357555	0.000842199365749346
9606.ENSP00000355441	0.0008421970146615936
9606.ENSP00000305372	0.0008421911821583866
9606.ENSP00000278412	0.0008420879075869926
9606.ENSP00000289153	0.0008420459231299515
9606.ENSP00000354876	0.000842003921896023
9606.ENSP00000233468	0.0008419985100571794
9606.ENSP00000350447	0.0008419585364637919
9606.ENSP00000363911	0.0008419427497226822
9606.ENSP00000293842	0.0008418810006543824
9606.ENSP00000228872	0.0008418687557591255
9606.ENSP00000263431	0.0008418547819525332
9606.ENSP00000327246	0.0008417566750794436
9606.ENSP00000263710	0.0008417464639135303
9606.ENSP00000355325	0.0008417452989653033
9606.ENSP00000414321	0.000841741157626816
9606.ENSP00000258743	0.0008416385267754775
9606.ENSP00000296026	0.0008415725419544545
9606.ENSP00000357362	0.0008415292335391642
9606.ENSP00000309830	0.0008415116820467607
9606.ENSP00000323901	0.000841468701640952
9606.ENSP00000265071	0.0008414019118976115
9606.ENSP00000321419	0.0008413198929511291
9606.ENSP00000306884	0.0008407943933484601
9606.ENSP00000222573	0.0008402704497300663
9606.ENSP00000248384	0.0008402156711785231
9606.ENSP00000254235	0.0008401832166116094
9606.ENSP00000309591	0.0008394302641920714
9606.ENSP00000369538	0.0008388433614614428
9606.ENSP00000340944	0.0008263559634449085
9606.ENSP00000286355	0.0007981803716298974
9606.ENSP00000215565	0.0007050949248754674
9606.ENSP00000333196	0.0007047187365769553
9606.ENSP00000305877	0.0007024253277173954
9606.ENSP00000296677	0.0006922720172084506
9606.ENSP00000334051	0.0006621089865848851
9606.ENSP00000239440	0.000596621759937156
9606.ENSP00000337128	0.0005846323059915648
9606.ENSP00000303834	0.0005613564886117356
9606.ENSP00000368438	0.0005493582908705743
9606.ENSP00000288943	0.0005489916897666802
9606.ENSP00000269349	0.000543227701286758
9606.ENSP00000322754	0.000536954893765195
9606.ENSP00000287820	0.0005361965184859985
9606.ENSP00000326225	0.0005313592631234501
9606.ENSP00000356430	0.0004464543323922794
